Username:  rollers
Date:      Wed May 1 20:21:17 EDT 2019
 
*** making assign61 ***
make: 'huffmancode' is up to date.
--- Running ---
 
enter the name of a file containing the characters:
file enetered /home/mathcs/turnin/bracken/huffman1.test

enter the name of a file for compression:
file enetered test1.test

enter the name of a file for decompression:
file enetered out1.test

Char = A count = 7
Char = B count = 3
Char = C count = 2
Char = D count = 0
Char = E count = 0
Char = F count = 1
Char = G count = 0
Char = H count = 0
Char = I count = 0
Char = J count = 0
Char = K count = 0
Char = L count = 0
Char = M count = 0
Char = N count = 0
Char = O count = 0
Char = P count = 0
Char = Q count = 1
Char = R count = 0
Char = S count = 0
Char = T count = 0
Char = U count = 0
Char = V count = 0
Char = W count = 0
Char = X count = 2
Char = Y count = 2
Char = Z count = 1
Heap Contents are as follows: 
Symbol = F frequency = 1
Symbol = Q frequency = 1
Symbol = X frequency = 2
Symbol = Z frequency = 1
Symbol = C frequency = 2
Symbol = B frequency = 3
Symbol = Y frequency = 2
Symbol = A frequency = 7
end of heapDisplay

for debug p->frequency = 1 and q->frequency = 1
just inserted frequency = 2
for debug p->frequency = 1 and q->frequency = 2
just inserted frequency = 3
for debug p->frequency = 2 and q->frequency = 2
just inserted frequency = 4
for debug p->frequency = 2 and q->frequency = 3
just inserted frequency = 5
for debug p->frequency = 3 and q->frequency = 4
just inserted frequency = 7
for debug p->frequency = 5 and q->frequency = 7
just inserted frequency = 12
for debug p->frequency = 7 and q->frequency = 12
just inserted frequency = 19
the constructor has built the huffman tree

Frequency = 7 the letter A the binary string is 0
Frequency = 19
Frequency = 2 the letter X the binary string is 100
Frequency = 5
Frequency = 1 the letter Z the binary string is 1010
Frequency = 3
Frequency = 1 the letter F the binary string is 10110
Frequency = 2
Frequency = 1 the letter Q the binary string is 10111
Frequency = 12
Frequency = 3 the letter B the binary string is 110
Frequency = 7
Frequency = 2 the letter Y the binary string is 1110
Frequency = 4
Frequency = 2 the letter C the binary string is 1111
INPUT FILE:	DECOMPRESSED FILE:
   A		   A
   A		   A
   A		   A
   A		   A
   A		   A
   A		   A
   A		   A
   B		   B
   B		   B
   B		   B
   C		   C
   C		   C
   Z		   Z
   X		   X
   X		   X
   Y		   Y
   Y		   Y
   F		   F
   Q		   Q
Destructor executing
--- Running again ---
 
enter the name of a file containing the characters:
file enetered /home/mathcs/turnin/bracken/huffman2.test

enter the name of a file for compression:
file enetered test2.test

enter the name of a file for decompression:
file enetered out2.test

Char = A count = 16
Char = B count = 5
Char = C count = 12
Char = D count = 17
Char = E count = 10
Char = F count = 25
Char = G count = 0
Char = H count = 0
Char = I count = 0
Char = J count = 0
Char = K count = 0
Char = L count = 0
Char = M count = 0
Char = N count = 0
Char = O count = 0
Char = P count = 0
Char = Q count = 0
Char = R count = 0
Char = S count = 0
Char = T count = 0
Char = U count = 0
Char = V count = 0
Char = W count = 0
Char = X count = 0
Char = Y count = 0
Char = Z count = 0
Heap Contents are as follows: 
Symbol = B frequency = 5
Symbol = E frequency = 10
Symbol = C frequency = 12
Symbol = D frequency = 17
Symbol = A frequency = 16
Symbol = F frequency = 25
end of heapDisplay

for debug p->frequency = 5 and q->frequency = 10
just inserted frequency = 15
for debug p->frequency = 12 and q->frequency = 15
just inserted frequency = 27
for debug p->frequency = 16 and q->frequency = 17
just inserted frequency = 33
for debug p->frequency = 25 and q->frequency = 27
just inserted frequency = 52
for debug p->frequency = 33 and q->frequency = 52
just inserted frequency = 85
the constructor has built the huffman tree

Frequency = 16 the letter A the binary string is 00
Frequency = 33
Frequency = 17 the letter D the binary string is 01
Frequency = 85
Frequency = 25 the letter F the binary string is 10
Frequency = 52
Frequency = 12 the letter C the binary string is 110
Frequency = 27
Frequency = 5 the letter B the binary string is 1110
Frequency = 15
Frequency = 10 the letter E the binary string is 1111
INPUT FILE:	DECOMPRESSED FILE:
   A		   A
   A		   A
   A		   A
   A		   A
   A		   A
   A		   A
   A		   A
   A		   A
   A		   A
   A		   A
   A		   A
   A		   A
   A		   A
   A		   A
   A		   A
   A		   A
   F		   F
   F		   F
   F		   F
   F		   F
   F		   F
   F		   F
   F		   F
   F		   F
   F		   F
   F		   F
   F		   F
   F		   F
   F		   F
   F		   F
   F		   F
   F		   F
   F		   F
   F		   F
   F		   F
   F		   F
   F		   F
   F		   F
   F		   F
   F		   F
   F		   F
   B		   B
   B		   B
   B		   B
   B		   B
   B		   B
   E		   E
   E		   E
   E		   E
   E		   E
   E		   E
   E		   E
   E		   E
   E		   E
   E		   E
   E		   E
   C		   C
   C		   C
   C		   C
   C		   C
   C		   C
   C		   C
   C		   C
   C		   C
   C		   C
   C		   C
   C		   C
   C		   C
   D		   D
   D		   D
   D		   D
   D		   D
   D		   D
   D		   D
   D		   D
   D		   D
   D		   D
   D		   D
   D		   D
   D		   D
   D		   D
   D		   D
   D		   D
   D		   D
   D		   D
Destructor executing
--- Running again ---
 
enter the name of a file containing the characters:
file enetered /home/mathcs/turnin/bracken/huffman3.test

enter the name of a file for compression:
file enetered test3.test

enter the name of a file for decompression:
file enetered out3.test

Char = A count = 5
Char = B count = 4
Char = C count = 1
Char = D count = 1
Char = E count = 1
Char = F count = 1
Char = G count = 1
Char = H count = 1
Char = I count = 1
Char = J count = 1
Char = K count = 1
Char = L count = 1
Char = M count = 1
Char = N count = 1
Char = O count = 1
Char = P count = 1
Char = Q count = 1
Char = R count = 1
Char = S count = 1
Char = T count = 1
Char = U count = 1
Char = V count = 1
Char = W count = 1
Char = X count = 1
Char = Y count = 1
Char = Z count = 1
Heap Contents are as follows: 
Symbol = C frequency = 1
Symbol = D frequency = 1
Symbol = F frequency = 1
Symbol = H frequency = 1
Symbol = E frequency = 1
Symbol = L frequency = 1
Symbol = G frequency = 1
Symbol = P frequency = 1
Symbol = I frequency = 1
Symbol = J frequency = 1
Symbol = K frequency = 1
Symbol = X frequency = 1
Symbol = M frequency = 1
Symbol = N frequency = 1
Symbol = O frequency = 1
Symbol = A frequency = 5
Symbol = Q frequency = 1
Symbol = R frequency = 1
Symbol = S frequency = 1
Symbol = T frequency = 1
Symbol = U frequency = 1
Symbol = V frequency = 1
Symbol = W frequency = 1
Symbol = B frequency = 4
Symbol = Y frequency = 1
Symbol = Z frequency = 1
end of heapDisplay

for debug p->frequency = 1 and q->frequency = 1
just inserted frequency = 2
for debug p->frequency = 1 and q->frequency = 1
just inserted frequency = 2
for debug p->frequency = 1 and q->frequency = 1
just inserted frequency = 2
for debug p->frequency = 1 and q->frequency = 1
just inserted frequency = 2
for debug p->frequency = 1 and q->frequency = 1
just inserted frequency = 2
for debug p->frequency = 1 and q->frequency = 1
just inserted frequency = 2
for debug p->frequency = 1 and q->frequency = 1
just inserted frequency = 2
for debug p->frequency = 1 and q->frequency = 1
just inserted frequency = 2
for debug p->frequency = 1 and q->frequency = 1
just inserted frequency = 2
for debug p->frequency = 1 and q->frequency = 1
just inserted frequency = 2
for debug p->frequency = 1 and q->frequency = 1
just inserted frequency = 2
for debug p->frequency = 1 and q->frequency = 1
just inserted frequency = 2
for debug p->frequency = 2 and q->frequency = 2
just inserted frequency = 4
for debug p->frequency = 2 and q->frequency = 2
just inserted frequency = 4
for debug p->frequency = 2 and q->frequency = 2
just inserted frequency = 4
for debug p->frequency = 2 and q->frequency = 2
just inserted frequency = 4
for debug p->frequency = 2 and q->frequency = 2
just inserted frequency = 4
for debug p->frequency = 2 and q->frequency = 2
just inserted frequency = 4
for debug p->frequency = 4 and q->frequency = 4
just inserted frequency = 8
for debug p->frequency = 4 and q->frequency = 4
just inserted frequency = 8
for debug p->frequency = 4 and q->frequency = 4
just inserted frequency = 8
for debug p->frequency = 4 and q->frequency = 5
just inserted frequency = 9
for debug p->frequency = 8 and q->frequency = 8
just inserted frequency = 16
for debug p->frequency = 8 and q->frequency = 9
just inserted frequency = 17
for debug p->frequency = 16 and q->frequency = 17
just inserted frequency = 33
the constructor has built the huffman tree

Frequency = 4 the letter B the binary string is 000
Frequency = 8
Frequency = 1 the letter K the binary string is 00100
Frequency = 2
Frequency = 1 the letter F the binary string is 00101
Frequency = 4
Frequency = 1 the letter L the binary string is 00110
Frequency = 2
Frequency = 1 the letter X the binary string is 00111
Frequency = 16
Frequency = 1 the letter H the binary string is 01000
Frequency = 2
Frequency = 1 the letter P the binary string is 01001
Frequency = 4
Frequency = 1 the letter T the binary string is 01010
Frequency = 2
Frequency = 1 the letter S the binary string is 01011
Frequency = 8
Frequency = 1 the letter E the binary string is 01100
Frequency = 2
Frequency = 1 the letter J the binary string is 01101
Frequency = 4
Frequency = 1 the letter W the binary string is 01110
Frequency = 2
Frequency = 1 the letter Q the binary string is 01111
Frequency = 33
Frequency = 1 the letter V the binary string is 10000
Frequency = 2
Frequency = 1 the letter I the binary string is 10001
Frequency = 4
Frequency = 1 the letter C the binary string is 10010
Frequency = 2
Frequency = 1 the letter Z the binary string is 10011
Frequency = 8
Frequency = 1 the letter Y the binary string is 10100
Frequency = 2
Frequency = 1 the letter D the binary string is 10101
Frequency = 4
Frequency = 1 the letter N the binary string is 10110
Frequency = 2
Frequency = 1 the letter O the binary string is 10111
Frequency = 17
Frequency = 1 the letter U the binary string is 11000
Frequency = 2
Frequency = 1 the letter R the binary string is 11001
Frequency = 4
Frequency = 1 the letter M the binary string is 11010
Frequency = 2
Frequency = 1 the letter G the binary string is 11011
Frequency = 9
Frequency = 5 the letter A the binary string is 111
INPUT FILE:	DECOMPRESSED FILE:
   A		   A
   B		   B
   C		   C
   D		   D
   E		   E
   F		   F
   G		   G
   H		   H
   I		   I
   J		   J
   K		   K
   L		   L
   M		   M
   N		   N
   O		   O
   P		   P
   Q		   Q
   R		   R
   S		   S
   T		   T
   U		   U
   V		   V
   W		   W
   X		   X
   Y		   Y
   Z		   Z
   A		   A
   A		   A
   A		   A
   A		   A
   B		   B
   B		   B
   B		   B
Destructor executing
--- Running again ---
 
enter the name of a file containing the characters:
file enetered /home/mathcs/turnin/bracken/huffman4.test

enter the name of a file for compression:
file enetered test4.test

enter the name of a file for decompression:
file enetered out4.test

Char = A count = 1
Char = B count = 1
Char = C count = 1
Char = D count = 1
Char = E count = 1
Char = F count = 1
Char = G count = 1
Char = H count = 1
Char = I count = 1
Char = J count = 1
Char = K count = 1
Char = L count = 1
Char = M count = 1
Char = N count = 1
Char = O count = 1
Char = P count = 1
Char = Q count = 1
Char = R count = 1
Char = S count = 1
Char = T count = 1
Char = U count = 1
Char = V count = 1
Char = W count = 1
Char = X count = 1
Char = Y count = 1
Char = Z count = 1
Heap Contents are as follows: 
Symbol = A frequency = 1
Symbol = B frequency = 1
Symbol = C frequency = 1
Symbol = D frequency = 1
Symbol = E frequency = 1
Symbol = F frequency = 1
Symbol = G frequency = 1
Symbol = H frequency = 1
Symbol = I frequency = 1
Symbol = J frequency = 1
Symbol = K frequency = 1
Symbol = L frequency = 1
Symbol = M frequency = 1
Symbol = N frequency = 1
Symbol = O frequency = 1
Symbol = P frequency = 1
Symbol = Q frequency = 1
Symbol = R frequency = 1
Symbol = S frequency = 1
Symbol = T frequency = 1
Symbol = U frequency = 1
Symbol = V frequency = 1
Symbol = W frequency = 1
Symbol = X frequency = 1
Symbol = Y frequency = 1
Symbol = Z frequency = 1
end of heapDisplay

for debug p->frequency = 1 and q->frequency = 1
just inserted frequency = 2
for debug p->frequency = 1 and q->frequency = 1
just inserted frequency = 2
for debug p->frequency = 1 and q->frequency = 1
just inserted frequency = 2
for debug p->frequency = 1 and q->frequency = 1
just inserted frequency = 2
for debug p->frequency = 1 and q->frequency = 1
just inserted frequency = 2
for debug p->frequency = 1 and q->frequency = 1
just inserted frequency = 2
for debug p->frequency = 1 and q->frequency = 1
just inserted frequency = 2
for debug p->frequency = 1 and q->frequency = 1
just inserted frequency = 2
for debug p->frequency = 1 and q->frequency = 1
just inserted frequency = 2
for debug p->frequency = 1 and q->frequency = 1
just inserted frequency = 2
for debug p->frequency = 1 and q->frequency = 1
just inserted frequency = 2
for debug p->frequency = 1 and q->frequency = 1
just inserted frequency = 2
for debug p->frequency = 1 and q->frequency = 1
just inserted frequency = 2
for debug p->frequency = 2 and q->frequency = 2
just inserted frequency = 4
for debug p->frequency = 2 and q->frequency = 2
just inserted frequency = 4
for debug p->frequency = 2 and q->frequency = 2
just inserted frequency = 4
for debug p->frequency = 2 and q->frequency = 2
just inserted frequency = 4
for debug p->frequency = 2 and q->frequency = 2
just inserted frequency = 4
for debug p->frequency = 2 and q->frequency = 2
just inserted frequency = 4
for debug p->frequency = 2 and q->frequency = 4
just inserted frequency = 6
for debug p->frequency = 4 and q->frequency = 4
just inserted frequency = 8
for debug p->frequency = 4 and q->frequency = 4
just inserted frequency = 8
for debug p->frequency = 4 and q->frequency = 6
just inserted frequency = 10
for debug p->frequency = 8 and q->frequency = 8
just inserted frequency = 16
for debug p->frequency = 10 and q->frequency = 16
just inserted frequency = 26
the constructor has built the huffman tree

Frequency = 1 the letter U the binary string is 0000
Frequency = 2
Frequency = 1 the letter Q the binary string is 0001
Frequency = 4
Frequency = 1 the letter R the binary string is 0010
Frequency = 2
Frequency = 1 the letter S the binary string is 0011
Frequency = 10
Frequency = 1 the letter F the binary string is 0100
Frequency = 2
Frequency = 1 the letter L the binary string is 0101
Frequency = 6
Frequency = 1 the letter O the binary string is 01100
Frequency = 2
Frequency = 1 the letter M the binary string is 01101
Frequency = 4
Frequency = 1 the letter K the binary string is 01110
Frequency = 2
Frequency = 1 the letter C the binary string is 01111
Frequency = 26
Frequency = 1 the letter A the binary string is 10000
Frequency = 2
Frequency = 1 the letter Z the binary string is 10001
Frequency = 4
Frequency = 1 the letter G the binary string is 10010
Frequency = 2
Frequency = 1 the letter N the binary string is 10011
Frequency = 8
Frequency = 1 the letter T the binary string is 10100
Frequency = 2
Frequency = 1 the letter I the binary string is 10101
Frequency = 4
Frequency = 1 the letter X the binary string is 10110
Frequency = 2
Frequency = 1 the letter D the binary string is 10111
Frequency = 16
Frequency = 1 the letter E the binary string is 11000
Frequency = 2
Frequency = 1 the letter J the binary string is 11001
Frequency = 4
Frequency = 1 the letter Y the binary string is 11010
Frequency = 2
Frequency = 1 the letter B the binary string is 11011
Frequency = 8
Frequency = 1 the letter W the binary string is 11100
Frequency = 2
Frequency = 1 the letter H the binary string is 11101
Frequency = 4
Frequency = 1 the letter V the binary string is 11110
Frequency = 2
Frequency = 1 the letter P the binary string is 11111
INPUT FILE:	DECOMPRESSED FILE:
   A		   A
   B		   B
   C		   C
   D		   D
   E		   E
   F		   F
   G		   G
   H		   H
   I		   I
   J		   J
   K		   K
   L		   L
   M		   M
   N		   N
   O		   O
   P		   P
   Q		   Q
   R		   R
   S		   S
   T		   T
   U		   U
   V		   V
   W		   W
   X		   X
   Y		   Y
   Z		   Z
Destructor executing
 
